Determining if the pthread_create exist failed with the following output:
Change Dir: /home/jc/hull_abstraction/ros/build/CMakeFiles/CMakeTmp

Run Build Command:"/usr/bin/make" "cmTC_298fb/fast"
/usr/bin/make -f CMakeFiles/cmTC_298fb.dir/build.make CMakeFiles/cmTC_298fb.dir/build
make[1]: Entering directory '/home/jc/hull_abstraction/ros/build/CMakeFiles/CMakeTmp'
Building C object CMakeFiles/cmTC_298fb.dir/CheckSymbolExists.c.o
/usr/bin/cc     -o CMakeFiles/cmTC_298fb.dir/CheckSymbolExists.c.o   -c /home/jc/hull_abstraction/ros/build/CMakeFiles/CMakeTmp/CheckSymbolExists.c
Linking C executable cmTC_298fb
/usr/bin/cmake -E cmake_link_script CMakeFiles/cmTC_298fb.dir/link.txt --verbose=1
/usr/bin/cc       CMakeFiles/cmTC_298fb.dir/CheckSymbolExists.c.o  -o cmTC_298fb -rdynamic 
CMakeFiles/cmTC_298fb.dir/CheckSymbolExists.c.o: In function `main':
CheckSymbolExists.c:(.text+0x16): undefined reference to `pthread_create'
collect2: error: ld returned 1 exit status
CMakeFiles/cmTC_298fb.dir/build.make:97: recipe for target 'cmTC_298fb' failed
make[1]: *** [cmTC_298fb] Error 1
make[1]: Leaving directory '/home/jc/hull_abstraction/ros/build/CMakeFiles/CMakeTmp'
Makefile:126: recipe for target 'cmTC_298fb/fast' failed
make: *** [cmTC_298fb/fast] Error 2

File /home/jc/hull_abstraction/ros/build/CMakeFiles/CMakeTmp/CheckSymbolExists.c:
/* */
#include <pthread.h>

int main(int argc, char** argv)
{
  (void)argv;
#ifndef pthread_create
  return ((int*)(&pthread_create))[argc];
#else
  (void)argc;
  return 0;
#endif
}

Determining if the function pthread_create exists in the pthreads failed with the following output:
Change Dir: /home/jc/hull_abstraction/ros/build/CMakeFiles/CMakeTmp

Run Build Command:"/usr/bin/make" "cmTC_536aa/fast"
/usr/bin/make -f CMakeFiles/cmTC_536aa.dir/build.make CMakeFiles/cmTC_536aa.dir/build
make[1]: Entering directory '/home/jc/hull_abstraction/ros/build/CMakeFiles/CMakeTmp'
Building C object CMakeFiles/cmTC_536aa.dir/CheckFunctionExists.c.o
/usr/bin/cc    -DCHECK_FUNCTION_EXISTS=pthread_create   -o CMakeFiles/cmTC_536aa.dir/CheckFunctionExists.c.o   -c /usr/share/cmake-3.5/Modules/CheckFunctionExists.c
Linking C executable cmTC_536aa
/usr/bin/cmake -E cmake_link_script CMakeFiles/cmTC_536aa.dir/link.txt --verbose=1
/usr/bin/cc   -DCHECK_FUNCTION_EXISTS=pthread_create    CMakeFiles/cmTC_536aa.dir/CheckFunctionExists.c.o  -o cmTC_536aa -rdynamic -lpthreads 
/usr/bin/ld: cannot find -lpthreads
collect2: error: ld returned 1 exit status
CMakeFiles/cmTC_536aa.dir/build.make:97: recipe for target 'cmTC_536aa' failed
make[1]: *** [cmTC_536aa] Error 1
make[1]: Leaving directory '/home/jc/hull_abstraction/ros/build/CMakeFiles/CMakeTmp'
Makefile:126: recipe for target 'cmTC_536aa/fast' failed
make: *** [cmTC_536aa/fast] Error 2


